IP Upgrade report for lights
Thu Sep 28 10:12:15 2023
Quartus Prime Version 22.1std.2 Build 922 07/20/2023 SC Standard Edition


---------------------
; Table of Contents ;
---------------------
  1. Legal Notice
  2. IP Upgrade Summary
  3. Successfully Upgraded IP Components
  4. IP Upgrade Messages



----------------
; Legal Notice ;
----------------
Copyright (C) 2023  Intel Corporation. All rights reserved.
Your use of Intel Corporation's design tools, logic functions 
and other software and tools, and any partner logic 
functions, and any output files from any of the foregoing 
(including device programming or simulation files), and any 
associated documentation or information are expressly subject 
to the terms and conditions of the Intel Program License 
Subscription Agreement, the Intel Quartus Prime License Agreement,
the Intel FPGA IP License Agreement, or other applicable license
agreement, including, without limitation, that your use is for
the sole purpose of programming logic devices manufactured by
Intel and sold by Intel or its authorized distributors.  Please
refer to the applicable agreement for further details, at
https://fpgasoftware.intel.com/eula.



+-----------------------------------------------------------------------------------+
; IP Upgrade Summary                                                                ;
+------------------------------+----------------------------------------------------+
; IP Components Upgrade Status ; Passed - Thu Sep 28 10:12:15 2023                  ;
; Quartus Prime Version        ; 22.1std.2 Build 922 07/20/2023 SC Standard Edition ;
; Revision Name                ; lights                                             ;
; Top-level Entity Name        ; lights                                             ;
; Family                       ; Cyclone IV E                                       ;
+------------------------------+----------------------------------------------------+


+------------------------------------------------------------------------------------------------------------------+
; Successfully Upgraded IP Components                                                                              ;
+-------------+----------------+---------+----------------------+----------------------+-----------------+---------+
; Entity Name ; Component Name ; Version ; Original Source File ; Generation File Path ; New Source File ; Message ;
+-------------+----------------+---------+----------------------+----------------------+-----------------+---------+
; nios_system ; Qsys           ; N/A     ; nios_system.qsys     ; nios_system.qsys     ;                 ;         ;
+-------------+----------------+---------+----------------------+----------------------+-----------------+---------+


+---------------------+
; IP Upgrade Messages ;
+---------------------+
Info (11902): Backing up file "nios_system.qsys" to "nios_system.BAK.qsys"
Info (11837): Started upgrading IP component Qsys with file "nios_system.qsys"
Info: Picked up _JAVA_OPTIONS: -Duser.home=/acct
Info: 2023.09.28.10:12:15 Info: Starting to upgrade the IP cores in the Platform Designer system
Info: 2023.09.28.10:12:15 Info: Finished upgrading the ip cores
Info (11131): Completed upgrading IP component Qsys with file "nios_system.qsys"
Info (23030): Evaluation of Tcl script /usr/local/3rdparty/intel/22.1std/quartus/common/tcl/internal/ip_regen/ip_regen.tcl was successful
Info: Quartus Prime Shell was successful. 0 errors, 0 warnings
    Info: Peak virtual memory: 616 megabytes
    Info: Processing ended: Thu Sep 28 10:12:15 2023
    Info: Elapsed time: 00:00:08
    Info: Total CPU time (on all processors): 00:00:24


